[2025-07-20 11:31:22] [INFO] Starting real-time Git sync monitoring...
[2025-07-20 11:31:22] [INFO] Project root: .
[2025-07-20 11:31:22] [INFO] Check interval: 10 seconds
[2025-07-20 11:31:22] [INFO] Initial state captured. Monitoring for changes...
[2025-07-20 11:31:22] [INFO] Changes detected. Starting sync...
[2025-07-20 11:31:22] [INFO] Changes found:
[2025-07-20 11:31:22] [INFO]   ?? .vscode/
[2025-07-20 11:31:22] [INFO]   ?? PROJECT_SUMMARY.md
[2025-07-20 11:31:22] [INFO]   ?? README.md
[2025-07-20 11:31:22] [INFO]   ?? core/
[2025-07-20 11:31:22] [INFO]   ?? effects/
[2025-07-20 11:31:22] [INFO]   ?? index.html
[2025-07-20 11:31:22] [INFO]   ?? init-env.ps1
[2025-07-20 11:31:22] [INFO]   ?? logs/
[2025-07-20 11:31:22] [INFO]   ?? scripts/
[2025-07-20 11:31:22] [INFO]   ?? start.ps1
[2025-07-20 11:31:22] [INFO]   ?? sync-realtime.ps1
[2025-07-20 11:31:22] [INFO] Added all changes
[2025-07-20 11:31:22] [INFO] Committed: Auto-sync: 2025-07-20 11:31:22
[2025-07-20 11:31:34] [INFO] Push successful
[2025-07-20 11:31:44] [INFO] Changes detected. Starting sync...
[2025-07-20 11:31:44] [INFO] Changes found:
[2025-07-20 11:31:44] [INFO]    M logs/realtime-sync.log
[2025-07-20 11:31:44] [INFO]   ?? PROJECT_ANALYSIS.md
[2025-07-20 11:31:44] [INFO] Added all changes
[2025-07-20 11:31:44] [INFO] Committed: Auto-sync: 2025-07-20 11:31:44
[2025-07-20 11:31:46] [INFO] Push successful
[2025-07-20 11:31:56] [INFO] Changes detected. Starting sync...
[2025-07-20 11:31:56] [INFO] Changes found:
[2025-07-20 11:31:56] [INFO]   MM logs/realtime-sync.log
